  GEN     /home/nik-kst/Android/lge/kernel/out/Makefile
scripts/kconfig/conf --silentoldconfig Kconfig
  GEN     /home/nik-kst/Android/lge/kernel/out/Makefile
  CHK     include/generated/uapi/linux/version.h
  Using /home/nik-kst/Android/lge/kernel as source for kernel
  CHK     include/generated/utsrelease.h
  CALL    /home/nik-kst/Android/lge/kernel/scripts/checksyscalls.sh
  CC      scripts/mod/devicetable-offsets.s
  GEN     scripts/mod/devicetable-offsets.h
  HOSTCC  scripts/mod/file2alias.o
  HOSTLD  scripts/mod/modpost
  CHK     include/generated/compile.h
  COPY    firmware/synaptics/c90/PLG465-V1.11-PR1815155-DS5.2.12.0.13-4005018B.img
  AS      firmware/synaptics/c90/PLG465-V1.11-PR1815155-DS5.2.12.0.13-4005018B.img.gen.o
  LD      firmware/built-in.o
"CONFIG_TRUSTONIC_TEE_SUPPORT = "
  DTC     arch/arm64/boot/dts/muse6732_c90_m.dtb
*MTK_GPU_VERSION 1 = mali
*PLATFORM_NAME is: mt6752
$CONFIG_MTK_GPU_COMMON_DVFS_SUPPORT is []
*MTK_GPU_VERSION 2 = midgard
mali MTK evironment
imgsensor drv by platform hi841_mipi_raw ov5670_mipi_raw
mali MTK evironment
mali MTK evironment
mali MTK evironment
  LD      drivers/misc/mediatek/built-in.o
  LD      drivers/misc/built-in.o
  LD      drivers/built-in.o
  LINK    vmlinux
  LD      vmlinux.o
  MODPOST vmlinux.o
  GEN     .version
  CHK     include/generated/compile.h
  UPD     include/generated/compile.h
  CC      init/version.o
  LD      init/built-in.o
  KSYM    .tmp_kallsyms1.o
  KSYM    .tmp_kallsyms2.o
  LD      vmlinux
  SYSMAP  System.map
  OBJCOPY arch/arm64/boot/Image
  GZIP    arch/arm64/boot/Image.gz
  CAT     arch/arm64/boot/Image.gz-dtb
